<?xml version="1.0" encoding="UTF-8"?>
<!-- Generated by org.testng.reporters.JUnitReportReporter -->
<testsuite hostname="LAPTOP-CDMIHFB2" failures="0" tests="3" name="com.mindtree.runner.TestRunner" time="41.777" errors="0" timestamp="2021-12-31T14:00:55 IST" skipped="0">
  <testcase classname="com.mindtree.runner.TestRunner" name="runScenario" time="9.135"/>
  <testcase classname="com.mindtree.runner.TestRunner" name="runScenario" time="26.504"/>
  <testcase classname="com.mindtree.runner.TestRunner" name="runScenario" time="6.138"/>
</testsuite> <!-- com.mindtree.runner.TestRunner -->
