<?xml version="1.0" encoding="UTF-8"?>
<!-- Generated by org.testng.reporters.JUnitReportReporter -->
<testsuite hostname="LAPTOP-CDMIHFB2" failures="0" tests="3" name="com.mindtree.runner.TestRunner" time="24.110" errors="0" timestamp="2022-01-02T13:57:46 IST" skipped="0">
  <testcase classname="com.mindtree.runner.TestRunner" name="runScenario" time="10.149"/>
  <testcase classname="com.mindtree.runner.TestRunner" name="runScenario" time="6.113"/>
  <testcase classname="com.mindtree.runner.TestRunner" name="runScenario" time="7.848"/>
</testsuite> <!-- com.mindtree.runner.TestRunner -->
